Performing C SOURCE FILE Test CMAKE_HAVE_LIBC_PTHREAD failed with the following output:
Change Dir: /home/ramsensei/Desktop/Ramsensei/Unit-Testing/MockProject/build/CMakeFiles/CMakeTmp

Run Build Command(s):/usr/bin/gmake -f Makefile cmTC_58d49/fast && /usr/bin/gmake  -f CMakeFiles/cmTC_58d49.dir/build.make CMakeFiles/cmTC_58d49.dir/build
gmake[1]: Entering directory '/home/ramsensei/Desktop/Ramsensei/Unit-Testing/MockProject/build/CMakeFiles/CMakeTmp'
Building C object CMakeFiles/cmTC_58d49.dir/src.c.o
/usr/bin/afl-gcc -DCMAKE_HAVE_LIBC_PTHREAD   -o CMakeFiles/cmTC_58d49.dir/src.c.o -c /home/ramsensei/Desktop/Ramsensei/Unit-Testing/MockProject/build/CMakeFiles/CMakeTmp/src.c
Linking C executable cmTC_58d49
/home/ramsensei/Desktop/Installs/cmake-3.23.1-linux-x86_64/bin/cmake -E cmake_link_script CMakeFiles/cmTC_58d49.dir/link.txt --verbose=1
/usr/bin/afl-gcc CMakeFiles/cmTC_58d49.dir/src.c.o -o cmTC_58d49 
/usr/bin/ld: CMakeFiles/cmTC_58d49.dir/src.c.o: in function `main':
/home/ramsensei/Desktop/Ramsensei/Unit-Testing/MockProject/build/CMakeFiles/CMakeTmp/src.c:11: undefined reference to `pthread_create'
/usr/bin/ld: /home/ramsensei/Desktop/Ramsensei/Unit-Testing/MockProject/build/CMakeFiles/CMakeTmp/src.c:12: undefined reference to `pthread_detach'
/usr/bin/ld: /home/ramsensei/Desktop/Ramsensei/Unit-Testing/MockProject/build/CMakeFiles/CMakeTmp/src.c:13: undefined reference to `pthread_cancel'
/usr/bin/ld: /home/ramsensei/Desktop/Ramsensei/Unit-Testing/MockProject/build/CMakeFiles/CMakeTmp/src.c:14: undefined reference to `pthread_join'
collect2: error: ld returned 1 exit status
gmake[1]: *** [CMakeFiles/cmTC_58d49.dir/build.make:99: cmTC_58d49] Error 1
gmake[1]: Leaving directory '/home/ramsensei/Desktop/Ramsensei/Unit-Testing/MockProject/build/CMakeFiles/CMakeTmp'
gmake: *** [Makefile:127: cmTC_58d49/fast] Error 2


Source file was:
#include <pthread.h>

static void* test_func(void* data)
{
  return data;
}

int main(void)
{
  pthread_t thread;
  pthread_create(&thread, NULL, test_func, NULL);
  pthread_detach(thread);
  pthread_cancel(thread);
  pthread_join(thread, NULL);
  pthread_atfork(NULL, NULL, NULL);
  pthread_exit(NULL);

  return 0;
}

Determining if the function pthread_create exists in the pthreads failed with the following output:
Change Dir: /home/ramsensei/Desktop/Ramsensei/Unit-Testing/MockProject/build/CMakeFiles/CMakeTmp

Run Build Command(s):/usr/bin/gmake -f Makefile cmTC_e7833/fast && /usr/bin/gmake  -f CMakeFiles/cmTC_e7833.dir/build.make CMakeFiles/cmTC_e7833.dir/build
gmake[1]: Entering directory '/home/ramsensei/Desktop/Ramsensei/Unit-Testing/MockProject/build/CMakeFiles/CMakeTmp'
Building C object CMakeFiles/cmTC_e7833.dir/CheckFunctionExists.c.o
/usr/bin/afl-gcc   -DCHECK_FUNCTION_EXISTS=pthread_create -o CMakeFiles/cmTC_e7833.dir/CheckFunctionExists.c.o -c /home/ramsensei/Desktop/Installs/cmake-3.23.1-linux-x86_64/share/cmake-3.23/Modules/CheckFunctionExists.c
Linking C executable cmTC_e7833
/home/ramsensei/Desktop/Installs/cmake-3.23.1-linux-x86_64/bin/cmake -E cmake_link_script CMakeFiles/cmTC_e7833.dir/link.txt --verbose=1
/usr/bin/afl-gcc  -DCHECK_FUNCTION_EXISTS=pthread_create CMakeFiles/cmTC_e7833.dir/CheckFunctionExists.c.o -o cmTC_e7833  -lpthreads 
/usr/bin/ld: cannot find -lpthreads
collect2: error: ld returned 1 exit status
gmake[1]: *** [CMakeFiles/cmTC_e7833.dir/build.make:99: cmTC_e7833] Error 1
gmake[1]: Leaving directory '/home/ramsensei/Desktop/Ramsensei/Unit-Testing/MockProject/build/CMakeFiles/CMakeTmp'
gmake: *** [Makefile:127: cmTC_e7833/fast] Error 2



