Performing C SOURCE FILE Test CMAKE_HAVE_LIBC_PTHREAD failed with the following output:
Change Dir: /home/ramsensei/Desktop/Ramsensei/Unit-Testing/build/CMakeFiles/CMakeTmp

Run Build Command(s):/usr/bin/gmake -f Makefile cmTC_d40c3/fast && /usr/bin/gmake  -f CMakeFiles/cmTC_d40c3.dir/build.make CMakeFiles/cmTC_d40c3.dir/build
gmake[1]: Entering directory '/home/ramsensei/Desktop/Ramsensei/Unit-Testing/build/CMakeFiles/CMakeTmp'
Building C object CMakeFiles/cmTC_d40c3.dir/src.c.o
/usr/bin/cc -DCMAKE_HAVE_LIBC_PTHREAD   -o CMakeFiles/cmTC_d40c3.dir/src.c.o -c /home/ramsensei/Desktop/Ramsensei/Unit-Testing/build/CMakeFiles/CMakeTmp/src.c
Linking C executable cmTC_d40c3
/home/ramsensei/Desktop/Installs/cmake-3.23.1-linux-x86_64/bin/cmake -E cmake_link_script CMakeFiles/cmTC_d40c3.dir/link.txt --verbose=1
/usr/bin/cc -rdynamic CMakeFiles/cmTC_d40c3.dir/src.c.o -o cmTC_d40c3 
/usr/bin/ld: CMakeFiles/cmTC_d40c3.dir/src.c.o: in function `main':
src.c:(.text+0x2f): undefined reference to `pthread_create'
/usr/bin/ld: src.c:(.text+0x3b): undefined reference to `pthread_detach'
/usr/bin/ld: src.c:(.text+0x47): undefined reference to `pthread_cancel'
/usr/bin/ld: src.c:(.text+0x58): undefined reference to `pthread_join'
collect2: error: ld returned 1 exit status
gmake[1]: *** [CMakeFiles/cmTC_d40c3.dir/build.make:99: cmTC_d40c3] Error 1
gmake[1]: Leaving directory '/home/ramsensei/Desktop/Ramsensei/Unit-Testing/build/CMakeFiles/CMakeTmp'
gmake: *** [Makefile:127: cmTC_d40c3/fast] Error 2


Source file was:
#include <pthread.h>

static void* test_func(void* data)
{
  return data;
}

int main(void)
{
  pthread_t thread;
  pthread_create(&thread, NULL, test_func, NULL);
  pthread_detach(thread);
  pthread_cancel(thread);
  pthread_join(thread, NULL);
  pthread_atfork(NULL, NULL, NULL);
  pthread_exit(NULL);

  return 0;
}

Determining if the function pthread_create exists in the pthreads failed with the following output:
Change Dir: /home/ramsensei/Desktop/Ramsensei/Unit-Testing/build/CMakeFiles/CMakeTmp

Run Build Command(s):/usr/bin/gmake -f Makefile cmTC_ab0b6/fast && /usr/bin/gmake  -f CMakeFiles/cmTC_ab0b6.dir/build.make CMakeFiles/cmTC_ab0b6.dir/build
gmake[1]: Entering directory '/home/ramsensei/Desktop/Ramsensei/Unit-Testing/build/CMakeFiles/CMakeTmp'
Building C object CMakeFiles/cmTC_ab0b6.dir/CheckFunctionExists.c.o
/usr/bin/cc   -DCHECK_FUNCTION_EXISTS=pthread_create -o CMakeFiles/cmTC_ab0b6.dir/CheckFunctionExists.c.o -c /home/ramsensei/Desktop/Installs/cmake-3.23.1-linux-x86_64/share/cmake-3.23/Modules/CheckFunctionExists.c
Linking C executable cmTC_ab0b6
/home/ramsensei/Desktop/Installs/cmake-3.23.1-linux-x86_64/bin/cmake -E cmake_link_script CMakeFiles/cmTC_ab0b6.dir/link.txt --verbose=1
/usr/bin/cc  -DCHECK_FUNCTION_EXISTS=pthread_create -rdynamic CMakeFiles/cmTC_ab0b6.dir/CheckFunctionExists.c.o -o cmTC_ab0b6  -lpthreads 
/usr/bin/ld: cannot find -lpthreads
collect2: error: ld returned 1 exit status
gmake[1]: *** [CMakeFiles/cmTC_ab0b6.dir/build.make:99: cmTC_ab0b6] Error 1
gmake[1]: Leaving directory '/home/ramsensei/Desktop/Ramsensei/Unit-Testing/build/CMakeFiles/CMakeTmp'
gmake: *** [Makefile:127: cmTC_ab0b6/fast] Error 2



